/*C2*/SET SCHEMA PUBLIC
DELETE FROM "mendixsystem$version" WHERE "versionnumber"='4.2'
INSERT INTO "mendixsystem$version" VALUES('4.2','2021-12-02 12:08:52.701000','4.1.0','unversioned','ecommerceCours','9.7.0.29648')
COMMIT
DELETE FROM "mendixsystem$entityidentifier" WHERE "id"='d4154981-8dac-4150-aec5-efa3ef62a7a2'
INSERT INTO "mendixsystem$entityidentifier" VALUES('d4154981-8dac-4150-aec5-efa3ef62a7a2',4,501)
COMMIT
INSERT INTO "system$xasinstance" VALUES(1125899906843025,'280f083f-c035-44b2-960f-9f0a100ec5c8','2021-12-02 11:11:59.594000',NULL,NULL,NULL,'2021-12-02 11:11:59.581000')
COMMIT
DELETE FROM "system$userrole" WHERE "id"=4222124650659841
INSERT INTO "system$userrole" VALUES(4222124650659841,'8dd52bfa-6d7e-453b-b506-303c0a3d9567','Administrator','')
DELETE FROM "system$userrole" WHERE "id"=4222124650659842
INSERT INTO "system$userrole" VALUES(4222124650659842,'53f5d6fa-6da9-4a71-b011-454ec052cce8','User','')
DELETE FROM "system$userrole" WHERE "id"=4222124650659843
INSERT INTO "system$userrole" VALUES(4222124650659843,'daee26ff-b2ea-4c3f-b459-ad80eb6566c3','Visiteur','')
COMMIT
/*C3*/SET SCHEMA PUBLIC
DELETE FROM "system$user" WHERE "id"=5066549580791809
INSERT INTO "system$user" VALUES(5066549580791809,'demo_administrator','{BCrypt}$2a$10$RJ8kljINVV8kgNcyg7Q8/Oqt1Y57Srd7zrarcBPzHzDzoKMB39Gm6',NULL,FALSE,TRUE,0,FALSE,FALSE,'2021-12-02 08:43:42.117000','2021-12-02 08:43:42.117000','Administration.Account',NULL,5066549580791809)
COMMIT
/*C2*/DELETE FROM "system$user" WHERE "id"=5066549580791909
INSERT INTO "system$user" VALUES(5066549580791909,'demo','{BCrypt}$2a$10$R.MSyitEKMb1h1ds1Gf2zOzy9x.NROf0Qfyrf34lfMrkEl8w5WOCC','2021-12-02 09:39:38.468000',FALSE,TRUE,0,FALSE,FALSE,'2021-12-02 09:39:24.887000','2021-12-02 09:39:24.887000','Administration.Account',NULL,5066549580791909)
COMMIT
/*C3*/DELETE FROM "system$user" WHERE "id"=562949953421313
INSERT INTO "system$user" VALUES(562949953421313,'gavroche','{BCrypt}$2a$10$/1bQE67WWdj3da4hyopLUOcGvsr9BeCD12MBF0oJKKCst1UcxADqO','2021-12-02 09:37:02.865000',FALSE,TRUE,0,FALSE,FALSE,'2021-12-02 08:43:42.380000','2021-12-02 08:43:42.380000','System.User',NULL,562949953421313)
COMMIT
DELETE FROM "mendixsystem$properties" WHERE "key"='Mendix.Runtime.DeploymentID'
INSERT INTO "mendixsystem$properties" VALUES('Mendix.Runtime.DeploymentID','637740439051406523')
COMMIT
DELETE FROM "system$session" WHERE "id"=10414574138294573
DELETE FROM "system$session" WHERE "id"=10414574138294574
DELETE FROM "system$session" WHERE "id"=10414574138294575
DELETE FROM "system$session_user" WHERE "system$sessionid"=10414574138294573 AND "system$userid"=562949953421613
DELETE FROM "system$session_user" WHERE "system$sessionid"=10414574138294574 AND "system$userid"=562949953421615
DELETE FROM "system$session_user" WHERE "system$sessionid"=10414574138294575 AND "system$userid"=562949953421614
COMMIT
DELETE FROM "system$xasinstance" WHERE "id"=1125899906843025
INSERT INTO "system$xasinstance" VALUES(1125899906843025,'280f083f-c035-44b2-960f-9f0a100ec5c8','2021-12-02 11:12:01.675000',NULL,NULL,NULL,'2021-12-02 11:11:59.581000')
COMMIT
DELETE FROM "system$user" WHERE "id"=562949953421314
INSERT INTO "system$user" VALUES(562949953421314,'MxAdmin','{BCrypt}$2a$10$cd9X4gEcO7GBU3V7e79wIuTQEo/E6/mEIDjv7wFDoRq0/DKBOTUZm',NULL,FALSE,TRUE,1,FALSE,FALSE,'2021-12-02 08:43:44.205000','2021-12-02 08:43:44.205000','System.User',NULL,562949953421314)
COMMIT
/*C6*/SET SCHEMA PUBLIC
DELETE FROM "mendixsystem$entityidentifier" WHERE "id"='282e2e60-88a5-469d-84a5-ba8d9151644f'
INSERT INTO "mendixsystem$entityidentifier" VALUES('282e2e60-88a5-469d-84a5-ba8d9151644f',2,501)
COMMIT
INSERT INTO "system$user" VALUES(562949953421713,'Anonymous_2450d94c-11d8-491b-b1a4-eb372bfe0651','{BCrypt}$2a$10$p.ldRgtO36vxVR6kto31J.jJ/tyeGXdoTxRxzX8Z6wlbzBBLbNTae','2021-12-02 11:12:02.823000',FALSE,TRUE,0,FALSE,TRUE,'2021-12-02 11:12:02.710000','2021-12-02 11:12:02.710000','System.User',NULL,562949953421713)
INSERT INTO "system$userroles" VALUES(562949953421713,4222124650659843)
INSERT INTO "system$user_language" VALUES(562949953421713,11540474045136897)
COMMIT
DELETE FROM "system$user" WHERE "id"=562949953421713
INSERT INTO "system$user" VALUES(562949953421713,'Anonymous_2450d94c-11d8-491b-b1a4-eb372bfe0651','{BCrypt}$2a$10$p.ldRgtO36vxVR6kto31J.jJ/tyeGXdoTxRxzX8Z6wlbzBBLbNTae','2021-12-02 11:12:02.880000',FALSE,TRUE,0,FALSE,TRUE,'2021-12-02 11:12:02.710000','2021-12-02 11:12:02.710000','System.User',NULL,562949953421713)
COMMIT
DELETE FROM "mendixsystem$entityidentifier" WHERE "id"='37f9fd49-5318-4c63-9a51-f761779b202f'
INSERT INTO "mendixsystem$entityidentifier" VALUES('37f9fd49-5318-4c63-9a51-f761779b202f',37,501)
COMMIT
INSERT INTO "system$session" VALUES(10414574138294673,'a2f25c0e-9379-44f0-b512-dd05915d3ed9','d8393d5d-6fb4-4129-bfc3-a6b79ad6fc5c','2021-12-02 11:12:03.020000',FALSE,'c36ed836-7b2c-4db6-ac22-d686c098017e',NULL,'2021-12-02 11:12:03.019000')
INSERT INTO "system$session_user" VALUES(10414574138294673,562949953421713)
COMMIT
DELETE FROM "system$session" WHERE "id"=10414574138294673
INSERT INTO "system$session" VALUES(10414574138294673,'a2f25c0e-9379-44f0-b512-dd05915d3ed9','d8393d5d-6fb4-4129-bfc3-a6b79ad6fc5c','2021-12-02 11:12:03.037000',FALSE,'c36ed836-7b2c-4db6-ac22-d686c098017e',NULL,'2021-12-02 11:12:03.019000')
COMMIT
/*C7*/SET SCHEMA PUBLIC
INSERT INTO "system$user" VALUES(562949953421714,'Anonymous_89d62c36-2c93-4829-b47e-409ad85d81bb','{BCrypt}$2a$10$nwysOeOBc/YwdJEBHXhDMur/NgFtQAa.LwDl.chbQb/GEqTZhn.yC','2021-12-02 11:12:03.325000',FALSE,TRUE,0,FALSE,TRUE,'2021-12-02 11:12:03.210000','2021-12-02 11:12:03.210000','System.User',NULL,562949953421714)
INSERT INTO "system$userroles" VALUES(562949953421714,4222124650659843)
INSERT INTO "system$user_language" VALUES(562949953421714,11540474045136897)
COMMIT
DELETE FROM "system$user" WHERE "id"=562949953421714
INSERT INTO "system$user" VALUES(562949953421714,'Anonymous_89d62c36-2c93-4829-b47e-409ad85d81bb','{BCrypt}$2a$10$nwysOeOBc/YwdJEBHXhDMur/NgFtQAa.LwDl.chbQb/GEqTZhn.yC','2021-12-02 11:12:03.344000',FALSE,TRUE,0,FALSE,TRUE,'2021-12-02 11:12:03.210000','2021-12-02 11:12:03.210000','System.User',NULL,562949953421714)
COMMIT
/*C3*/INSERT INTO "system$session" VALUES(10414574138294674,'0ab2b1c5-8d5d-41d0-8ca3-23fce2925eac','7b3f163a-3965-4766-a62c-3056575d328d','2021-12-02 11:12:03.386000',FALSE,'876ccc46-de20-4f0c-b250-8a16944c1cff',NULL,'2021-12-02 11:12:03.386000')
INSERT INTO "system$session_user" VALUES(10414574138294674,562949953421714)
COMMIT
DELETE FROM "system$session" WHERE "id"=10414574138294674
INSERT INTO "system$session" VALUES(10414574138294674,'0ab2b1c5-8d5d-41d0-8ca3-23fce2925eac','7b3f163a-3965-4766-a62c-3056575d328d','2021-12-02 11:12:03.396000',FALSE,'876ccc46-de20-4f0c-b250-8a16944c1cff',NULL,'2021-12-02 11:12:03.386000')
COMMIT
DELETE FROM "mendixsystem$entityidentifier" WHERE "id"='01189c9d-2af0-45f9-b839-60b58a24bd85'
INSERT INTO "mendixsystem$entityidentifier" VALUES('01189c9d-2af0-45f9-b839-60b58a24bd85',43,401)
COMMIT
DELETE FROM "system$session" WHERE "id"=10414574138294673
INSERT INTO "system$session" VALUES(10414574138294673,'a2f25c0e-9379-44f0-b512-dd05915d3ed9','d8393d5d-6fb4-4129-bfc3-a6b79ad6fc5c','2021-12-02 11:12:04.236000',FALSE,'c36ed836-7b2c-4db6-ac22-d686c098017e',NULL,'2021-12-02 11:12:03.019000')
COMMIT
/*C2*/DELETE FROM "mendixsystem$entityidentifier" WHERE "id"='3078a23e-13b2-4a9b-84e4-2881fdee53c6'
INSERT INTO "mendixsystem$entityidentifier" VALUES('3078a23e-13b2-4a9b-84e4-2881fdee53c6',18,401)
COMMIT
/*C4*/SET SCHEMA PUBLIC
INSERT INTO "system$user" VALUES(5066549580792109,'philippe','{BCrypt}$2a$10$/G3ZJcEP5KDPOtXPgiFYj.yWntakXVYWQGQch9I1mCUjGvFTf9vbS',NULL,FALSE,TRUE,0,FALSE,FALSE,'2021-12-02 11:12:15.979000','2021-12-02 11:12:16.068000','Administration.Account',562949953421713,5066549580792109)
INSERT INTO "system$userroles" VALUES(5066549580792109,4222124650659842)
INSERT INTO "administration$account" VALUES(5066549580792109,NULL,'philippe@chef.net',TRUE,'Mr')
COMMIT
/*C3*/DELETE FROM "system$user" WHERE "id"=5066549580792109
INSERT INTO "system$user" VALUES(5066549580792109,'philippe','{BCrypt}$2a$10$/G3ZJcEP5KDPOtXPgiFYj.yWntakXVYWQGQch9I1mCUjGvFTf9vbS',NULL,FALSE,TRUE,1,FALSE,FALSE,'2021-12-02 11:12:15.979000','2021-12-02 11:12:16.068000','Administration.Account',562949953421713,5066549580792109)
COMMIT
/*C2*/DELETE FROM "system$user" WHERE "id"=5066549580792109
INSERT INTO "system$user" VALUES(5066549580792109,'philippe','{BCrypt}$2a$10$/G3ZJcEP5KDPOtXPgiFYj.yWntakXVYWQGQch9I1mCUjGvFTf9vbS',NULL,FALSE,TRUE,2,FALSE,FALSE,'2021-12-02 11:12:15.979000','2021-12-02 11:12:16.068000','Administration.Account',562949953421713,5066549580792109)
COMMIT
/*C4*/DELETE FROM "system$session" WHERE "id"=10414574138294673
INSERT INTO "system$session" VALUES(10414574138294673,'a2f25c0e-9379-44f0-b512-dd05915d3ed9','d8393d5d-6fb4-4129-bfc3-a6b79ad6fc5c','2021-12-02 11:12:50.686000',FALSE,'c36ed836-7b2c-4db6-ac22-d686c098017e',NULL,'2021-12-02 11:12:03.019000')
COMMIT
/*C3*/DELETE FROM "system$xasinstance" WHERE "id"=1125899906843025
INSERT INTO "system$xasinstance" VALUES(1125899906843025,'280f083f-c035-44b2-960f-9f0a100ec5c8','2021-12-02 11:17:01.777000',NULL,NULL,NULL,'2021-12-02 11:11:59.581000')
COMMIT
/*C2*/DELETE FROM "system$session" WHERE "id"=10414574138294673
INSERT INTO "system$session" VALUES(10414574138294673,'a2f25c0e-9379-44f0-b512-dd05915d3ed9','d8393d5d-6fb4-4129-bfc3-a6b79ad6fc5c','2021-12-02 11:17:05.191000',FALSE,'c36ed836-7b2c-4db6-ac22-d686c098017e',NULL,'2021-12-02 11:12:03.019000')
COMMIT
/*C4*/DISCONNECT
/*C3*/DELETE FROM "system$xasinstance" WHERE "id"=1125899906843025
INSERT INTO "system$xasinstance" VALUES(1125899906843025,'280f083f-c035-44b2-960f-9f0a100ec5c8','2021-12-02 11:22:01.803000',NULL,NULL,NULL,'2021-12-02 11:11:59.581000')
COMMIT
